Build started 1/7/2014 4:55:25 PM.
     1>Project "C:\Users\sam\Documents\GitHub\H5TL\H5TLTest\H5TLTest.vcxproj" on node 2 (Build target(s)).
     1>InitializeBuildStatus:
         Touching "x64\Debug\H5TLTest.unsuccessfulbuild".
       ClCompile:
         C:\Program Files (x86)\Microsoft Visual Studio 11.0\VC\bin\x86_amd64\CL.exe /c /Zi /nologo /W3 /WX- /sdl /Od /D _MBCS /Gm /EHsc /RTC1 /MDd /GS /fp:precise /Zc:wchar_t /Zc:forScope /Fo"x64\Debug\\" /Fd"x64\Debug\vc110.pdb" /Gd /TP /errorReport:prompt H5TLTest.cpp
         H5TLTest.cpp
     1>C:\Libraries\blitz-0.10\blitz/range.h(247): warning C4244: 'return' : conversion from 'const blitz::diffType' to 'int', possible loss of data
     1>C:\Libraries\blitz-0.10\blitz/range.cc(13): warning C4244: 'return' : conversion from 'const blitz::diffType' to 'blitz::Range::T_numtype', possible loss of data
     1>H5TLTest.cpp(32): warning C4305: 'argument' : truncation from 'double' to 'const float'
     1>c:\users\sam\documents\github\h5tl\h5tltest\../H5TL/H5TL.hpp(71): error C2338: No rank() overload for data_t. Enable, include, or write an appropriate overload.
                 H5TLTest.cpp(40) : see reference to function template instantiation 'unsigned __int64 H5TL::rank<std::set<_Kty>>(const data_t &)' being compiled
                 with
                 [
                     _Kty=int,
                     data_t=std::set<int>
                 ]
     1>Done Building Project "C:\Users\sam\Documents\GitHub\H5TL\H5TLTest\H5TLTest.vcxproj" (Build target(s)) -- FAILED.

Build FAILED.

Time Elapsed 00:00:02.10
